<?xml version="1.0" encoding="UTF-8"?>
<!-- Generated by org.testng.reporters.JUnitReportReporter -->
<testsuite skipped="0" hostname="DESKTOP-6RCEUOS" name="com.w2a.testcases.AddCustomerTest" tests="1" failures="0" timestamp="2020-12-12T15:11:54 IST" time="0.527" errors="0">
  <testcase name="addCustomer" time="0.527" classname="com.w2a.testcases.AddCustomerTest"/>
  <system-out>
Test case passed for you  </system-out>
</testsuite> <!-- com.w2a.testcases.AddCustomerTest -->
