<?xml version="1.0" encoding="UTF-8"?>
<!-- Generated by org.testng.reporters.JUnitReportReporter -->
<testsuite skipped="0" hostname="DESKTOP-6RCEUOS" name="com.w2a.testcases.BankManagerLoginTest" tests="1" failures="0" timestamp="13 Dec 2020 18:15:08 GMT" time="0.670" errors="0">
  <testcase name="bankManagerLoginTest" time="0.670" classname="com.w2a.testcases.BankManagerLoginTest"/>
</testsuite> <!-- com.w2a.testcases.BankManagerLoginTest -->
